
ROM used:   1848/8192 (23%)
            1848/8192 (23%) including unused fragments

            1.9 Average locations per line
            13.1 Average locations per statement

RAM used:   29/368 (8%) at main() level
            55/368 (15%) worst case

Stack used: 4 worst case (2 in main + 2 for interrupts)
Stack size: 8

Lines Stmts  %   Files
----- ----- ---  -----
  135   120  85  ServoControl.c
  769     0   0  C:\Program Files (x86)\PICC\Devices\16F887.H
   40    21  15  LIB_LCD.C
   34     0   0  C:\Program Files (x86)\PICC\Drivers\STDBOOL.H
----- -----
  978   141 Total

Page ROM  %  RAM    Vol Diff  Functions:
---- --- --- ---    --- ----  ----------
0     18   1    1    125  1.3  LCD_COMMAND
0     18   1    1    125  1.3  LCD_DATA
0     38   2    0    192  1.2  LCD_SETUP
0     44   2    0             @const632
0     12   1    0     53  2.5  POS_UP
0     14   1    0     53  2.5  POS_DOWN
 Inline         0     53  2.5  VEL_UP
 Inline         0     53  2.5  VEL_DOWN
0     52   3    2    280  4.5  AUTO_CONTROL
0     35   2    0    158  1.7  PORT_B_INT
0    202  11   14             @DIVFF
 Inline        16             @ADDFF
0    117   6   13             @MULFF
0     31   2    4             @SFTOI
0    303  16    1   1792  3.6  DISPLAY
0      4   0    0             @const656
0     86   5    4             @PSTRINGC7_622
0     21   1    3             @DIV88
0      5   0    0             @const661
0      7   0    0             @const662
0     48   3    0     47  1.8  READ_TEMPERATURE
0     29   2    2             @ITOF
0    448  24    8    194  4.5  DUTY_TO_ANGLE
0     63   3   10             @FLT
0    165   9    0    575  2.9  MAIN
 Inline         0             @cinit1

Program metrics:
    Functions               13
    Statements              141
    Comments                153
    Volume (V)              5702
    Difficulty (D)          35.1
    Effort to implement (E) 200067
    Time to implement (T)   3 hours, 5 minutes
    Est Delivered Bugs (B)  1
    Cyclomatic Complexity   14
    Maintainability (MI)    59

 Segment     Used  Free
-----------  ----  ----
00000-00003     4  0  
00004-00057    84  0  
00058-007FF  1760  200  
00800-00FFF     0  2048  
01000-017FF     0  2048  
01800-01FFF     0  2048  



